<?xml version="1.0" encoding="UTF-8"?>
<!-- Generated by org.testng.reporters.JUnitXMLReporter -->
<testsuite ignored="0" hostname="Srinivasulu" failures="1" tests="8" name="Guru99 Bank Tests" time="447.976" errors="0" timestamp="2022-07-06T20:16:34 GMT-07:00">
  <testcase classname="com.guru99bankproject.qa.testcases.LoginPageTest" name="validateTitle" time="0.013"/>
  <testcase classname="com.guru99bankproject.qa.testcases.LoginPageTest" name="validateLogo" time="0.062"/>
  <testcase classname="com.guru99bankproject.qa.testcases.LoginPageTest" name="loginToApp" time="2.508"/>
  <testcase classname="com.guru99bankproject.qa.testcases.HomePageTest" name="validateHomePageTitle" time="0.005"/>
  <testcase classname="com.guru99bankproject.qa.testcases.HomePageTest" name="validateLogo" time="0.037"/>
  <testcase classname="com.guru99bankproject.qa.testcases.HomePageTest" name="navigateToDeleteCustomerPage" time="0.04"/>
  <testcase classname="com.guru99bankproject.qa.testcases.DeleteCustomerTest" name="validateTitle" time="0.006"/>
  <testcase classname="com.guru99bankproject.qa.testcases.DeleteCustomerTest" name="deleteCustomer" time="0.032">
    <failure type="org.openqa.selenium.NoSuchElementException" message="Unable to locate element: //input[@name=&amp;apos;cusid&amp;apos;]
For documentation on this error, please visit: https://selenium.dev/exceptions/#no_such_element
Build info: version: &amp;apos;4.3.0&amp;apos;, revision: &amp;apos;a4995e2c09*&amp;apos;
System info: host: &amp;apos;SRINIVASULU&amp;apos;, ip: &amp;apos;192.168.29.41&amp;apos;, os.name: &amp;apos;Windows 11&amp;apos;, os.arch: &amp;apos;amd64&amp;apos;, os.version: &amp;apos;10.0&amp;apos;, java.version: &amp;apos;17.0.2&amp;apos;
Driver info: org.openqa.selenium.firefox.FirefoxDriver
Command: [f8ecc184-b7a7-4a11-9979-db641f361601, findElement {using=xpath, value=//input[@name=&amp;apos;cusid&amp;apos;]}]
Capabilities {acceptInsecureCerts: true, browserName: firefox, browserVersion: 102.0.1, moz:accessibilityChecks: false, moz:buildID: 20220705093820, moz:debuggerAddress: localhost:58927, moz:geckodriverVersion: 0.31.0, moz:headless: false, moz:processID: 56920, moz:profile: C:\Users\usrin\AppData\Loca..., moz:shutdownTimeout: 60000, moz:useNonSpecCompliantPointerOrigin: false, moz:webdriverClick: true, moz:windowless: false, pageLoadStrategy: normal, platformName: WINDOWS, platformVersion: 10.0, proxy: Proxy(), se:cdp: ws://localhost:58927/devtoo..., se:cdpVersion: 85.0, setWindowRect: true, strictFileInteractability: false, timeouts: {implicit: 0, pageLoad: 300000, script: 30000}, unhandledPromptBehavior: dismiss and notify}
Session ID: f8ecc184-b7a7-4a11-9979-db641f361601">
      <![CDATA[org.openqa.selenium.NoSuchElementException: Unable to locate element: //input[@name='cusid']
For documentation on this error, please visit: https://selenium.dev/exceptions/#no_such_element
Build info: version: '4.3.0', revision: 'a4995e2c09*'
System info: host: 'SRINIVASULU', ip: '192.168.29.41', os.name: 'Windows 11', os.arch: 'amd64', os.version: '10.0', java.version: '17.0.2'
Driver info: org.openqa.selenium.firefox.FirefoxDriver
Command: [f8ecc184-b7a7-4a11-9979-db641f361601, findElement {using=xpath, value=//input[@name='cusid']}]
Capabilities {acceptInsecureCerts: true, browserName: firefox, browserVersion: 102.0.1, moz:accessibilityChecks: false, moz:buildID: 20220705093820, moz:debuggerAddress: localhost:58927, moz:geckodriverVersion: 0.31.0, moz:headless: false, moz:processID: 56920, moz:profile: C:\Users\usrin\AppData\Loca..., moz:shutdownTimeout: 60000, moz:useNonSpecCompliantPointerOrigin: false, moz:webdriverClick: true, moz:windowless: false, pageLoadStrategy: normal, platformName: WINDOWS, platformVersion: 10.0, proxy: Proxy(), se:cdp: ws://localhost:58927/devtoo..., se:cdpVersion: 85.0, setWindowRect: true, strictFileInteractability: false, timeouts: {implicit: 0, pageLoad: 300000, script: 30000}, unhandledPromptBehavior: dismiss and notify}
Session ID: f8ecc184-b7a7-4a11-9979-db641f361601
at org.openqa.selenium.remote.codec.w3c.W3CHttpResponseCodec.createException(W3CHttpResponseCodec.java:200)
at org.openqa.selenium.remote.codec.w3c.W3CHttpResponseCodec.decode(W3CHttpResponseCodec.java:133)
at org.openqa.selenium.remote.codec.w3c.W3CHttpResponseCodec.decode(W3CHttpResponseCodec.java:53)
at org.openqa.selenium.remote.HttpCommandExecutor.execute(HttpCommandExecutor.java:184)
at org.openqa.selenium.remote.service.DriverCommandExecutor.invokeExecute(DriverCommandExecutor.java:167)
at org.openqa.selenium.remote.service.DriverCommandExecutor.execute(DriverCommandExecutor.java:142)
at org.openqa.selenium.remote.RemoteWebDriver.execute(RemoteWebDriver.java:569)
at org.openqa.selenium.remote.ElementLocation$ElementFinder$2.findElement(ElementLocation.java:162)
at org.openqa.selenium.remote.ElementLocation.findElement(ElementLocation.java:60)
at org.openqa.selenium.remote.RemoteWebDriver.findElement(RemoteWebDriver.java:387)
at org.openqa.selenium.remote.RemoteWebDriver.findElement(RemoteWebDriver.java:379)
at org.openqa.selenium.support.pagefactory.DefaultElementLocator.findElement(DefaultElementLocator.java:70)
at org.openqa.selenium.support.pagefactory.internal.LocatingElementHandler.invoke(LocatingElementHandler.java:39)
at jdk.proxy2/jdk.proxy2.$Proxy15.sendKeys(Unknown Source)
at com.guru99bankproject.qa.pages.DeleteCustomerPage.deleteCustomer(DeleteCustomerPage.java:29)
at com.guru99bankproject.qa.testcases.DeleteCustomerTest.deleteCustomer(DeleteCustomerTest.java:38)
at java.base/java.util.ArrayList.forEach(ArrayList.java:1511)
... Removed 32 stack frames]]>
    </failure>
  </testcase> <!-- deleteCustomer -->
</testsuite> <!-- Guru99 Bank Tests -->
